+------------+------------+------------+------------+------------+
|  Tamaño(N) |    Time    | OBPromedio |  OBMinimo  |  OBMaximo  |
+------------+------------+------------+------------+------------+
|1000        |0.0000000438|16.9740     |1           |19          |
+------------+------------+------------+------------+------------+
|1500        |0.0000000519|18.2853     |1           |21          |
+------------+------------+------------+------------+------------+
|2000        |0.0000000468|18.9640     |1           |21          |
+------------+------------+------------+------------+------------+
|2500        |0.0000000322|19.7336     |1           |23          |
+------------+------------+------------+------------+------------+
|3000        |0.0000000337|20.2780     |1           |23          |
+------------+------------+------------+------------+------------+
|3500        |0.0000000365|20.6669     |1           |23          |
+------------+------------+------------+------------+------------+
|4000        |0.0000000349|20.9585     |1           |23          |
+------------+------------+------------+------------+------------+
|4500        |0.0000000351|21.3653     |1           |25          |
+------------+------------+------------+------------+------------+
|5000        |0.0000000365|21.7288     |1           |25          |
+------------+------------+------------+------------+------------+
|5500        |0.0000000354|22.0262     |1           |25          |
+------------+------------+------------+------------+------------+
|6000        |0.0000000351|22.2740     |1           |25          |
+------------+------------+------------+------------+------------+
|6500        |0.0000000341|22.4837     |1           |25          |
+------------+------------+------------+------------+------------+
|7000        |0.0000000344|22.6634     |1           |25          |
+------------+------------+------------+------------+------------+
|7500        |0.0000000369|22.8192     |1           |25          |
+------------+------------+------------+------------+------------+
|8000        |0.0000000349|22.9555     |1           |25          |
+------------+------------+------------+------------+------------+
|8500        |0.0000000356|23.1485     |1           |27          |
+------------+------------+------------+------------+------------+
|9000        |0.0000000359|23.3624     |1           |27          |
+------------+------------+------------+------------+------------+
|9500        |0.0000000355|23.5539     |1           |27          |
+------------+------------+------------+------------+------------+
|10000       |0.0000000341|23.7262     |1           |27          |
+------------+------------+------------+------------+------------+
|10500       |0.0000000383|23.8821     |1           |27          |
+------------+------------+------------+------------+------------+
|11000       |0.0000000377|24.0238     |1           |27          |
+------------+------------+------------+------------+------------+
|11500       |0.0000000373|24.1532     |1           |27          |
+------------+------------+------------+------------+------------+
|12000       |0.0000000354|24.2718     |1           |27          |
+------------+------------+------------+------------+------------+
|12500       |0.0000000370|24.3810     |1           |27          |
+------------+------------+------------+------------+------------+
|13000       |0.0000000353|24.4817     |1           |27          |
+------------+------------+------------+------------+------------+
|13500       |0.0000000363|24.5750     |1           |27          |
+------------+------------+------------+------------+------------+
|14000       |0.0000000366|24.6616     |1           |27          |
+------------+------------+------------+------------+------------+
|14500       |0.0000000356|24.7422     |1           |27          |
+------------+------------+------------+------------+------------+
|15000       |0.0000000351|24.8175     |1           |27          |
+------------+------------+------------+------------+------------+
|15500       |0.0000000374|24.8879     |1           |27          |
+------------+------------+------------+------------+------------+
|16000       |0.0000000351|24.9539     |1           |27          |
+------------+------------+------------+------------+------------+
|16500       |0.0000000372|25.0301     |1           |29          |
+------------+------------+------------+------------+------------+
|17000       |0.0000000362|25.1468     |1           |29          |
+------------+------------+------------+------------+------------+
|17500       |0.0000000352|25.2569     |1           |29          |
+------------+------------+------------+------------+------------+
|18000       |0.0000000349|25.3609     |1           |29          |
+------------+------------+------------+------------+------------+
|18500       |0.0000000376|25.4592     |1           |29          |
+------------+------------+------------+------------+------------+
|19000       |0.0000000356|25.5524     |1           |29          |
+------------+------------+------------+------------+------------+
|19500       |0.0000000369|25.6408     |1           |29          |
+------------+------------+------------+------------+------------+
|20000       |0.0000000350|25.7248     |1           |29          |
+------------+------------+------------+------------+------------+
|20500       |0.0000000351|25.8047     |1           |29          |
+------------+------------+------------+------------+------------+
|21000       |0.0000000359|25.8808     |1           |29          |
+------------+------------+------------+------------+------------+
|21500       |0.0000000361|25.9533     |1           |29          |
+------------+------------+------------+------------+------------+
|22000       |0.0000000353|26.0225     |1           |29          |
+------------+------------+------------+------------+------------+
|22500       |0.0000000380|26.0887     |1           |29          |
+------------+------------+------------+------------+------------+
|23000       |0.0000000374|26.1520     |1           |29          |
+------------+------------+------------+------------+------------+
|23500       |0.0000000361|26.2126     |1           |29          |
+------------+------------+------------+------------+------------+
|24000       |0.0000000365|26.2707     |1           |29          |
+------------+------------+------------+------------+------------+
|24500       |0.0000000403|26.3264     |1           |29          |
+------------+------------+------------+------------+------------+
|25000       |0.0000000372|26.3798     |1           |29          |
+------------+------------+------------+------------+------------+
|25500       |0.0000000383|26.4312     |1           |29          |
+------------+------------+------------+------------+------------+
|26000       |0.0000000377|26.4806     |1           |29          |
+------------+------------+------------+------------+------------+
|26500       |0.0000000366|26.5282     |1           |29          |
+------------+------------+------------+------------+------------+
|27000       |0.0000000366|26.5739     |1           |29          |
+------------+------------+------------+------------+------------+
|27500       |0.0000000378|26.6180     |1           |29          |
+------------+------------+------------+------------+------------+
|28000       |0.0000000384|26.6606     |1           |29          |
+------------+------------+------------+------------+------------+
|28500       |0.0000000376|26.7016     |1           |29          |
+------------+------------+------------+------------+------------+
|29000       |0.0000000374|26.7412     |1           |29          |
+------------+------------+------------+------------+------------+
|29500       |0.0000000374|26.7795     |1           |29          |
+------------+------------+------------+------------+------------+
|30000       |0.0000000365|26.8165     |1           |29          |
+------------+------------+------------+------------+------------+
|30500       |0.0000000372|26.8523     |1           |29          |
+------------+------------+------------+------------+------------+
|31000       |0.0000000376|26.8870     |1           |29          |
+------------+------------+------------+------------+------------+
|31500       |0.0000000376|26.9205     |1           |29          |
+------------+------------+------------+------------+------------+
|32000       |0.0000000369|26.9530     |1           |29          |
+------------+------------+------------+------------+------------+
|32500       |0.0000000429|26.9845     |1           |29          |
+------------+------------+------------+------------+------------+
|33000       |0.0000000375|27.0292     |1           |31          |
+------------+------------+------------+------------+------------+
|33500       |0.0000000382|27.0884     |1           |31          |
+------------+------------+------------+------------+------------+
|34000       |0.0000000381|27.1459     |1           |31          |
+------------+------------+------------+------------+------------+
|34500       |0.0000000390|27.2018     |1           |31          |
+------------+------------+------------+------------+------------+
|35000       |0.0000000370|27.2561     |1           |31          |
+------------+------------+------------+------------+------------+
|35500       |0.0000000378|27.3088     |1           |31          |
+------------+------------+------------+------------+------------+
|36000       |0.0000000375|27.3601     |1           |31          |
+------------+------------+------------+------------+------------+
|36500       |0.0000000378|27.4099     |1           |31          |
+------------+------------+------------+------------+------------+
|37000       |0.0000000368|27.4584     |1           |31          |
+------------+------------+------------+------------+------------+
|37500       |0.0000000388|27.5057     |1           |31          |
+------------+------------+------------+------------+------------+
|38000       |0.0000000379|27.5516     |1           |31          |
+------------+------------+------------+------------+------------+
|38500       |0.0000000401|27.5964     |1           |31          |
+------------+------------+------------+------------+------------+
|39000       |0.0000000369|27.6401     |1           |31          |
+------------+------------+------------+------------+------------+
|39500       |0.0000000372|27.6826     |1           |31          |
+------------+------------+------------+------------+------------+
|40000       |0.0000000383|27.7240     |1           |31          |
+------------+------------+------------+------------+------------+
|40500       |0.0000000380|27.7645     |1           |31          |
+------------+------------+------------+------------+------------+
|41000       |0.0000000388|27.8040     |1           |31          |
+------------+------------+------------+------------+------------+
|41500       |0.0000000388|27.8425     |1           |31          |
+------------+------------+------------+------------+------------+
|42000       |0.0000000385|27.8800     |1           |31          |
+------------+------------+------------+------------+------------+
|42500       |0.0000000385|27.9168     |1           |31          |
+------------+------------+------------+------------+------------+
|43000       |0.0000000387|27.9526     |1           |31          |
+------------+------------+------------+------------+------------+
|43500       |0.0000000387|27.9876     |1           |31          |
+------------+------------+------------+------------+------------+
|44000       |0.0000000379|28.0219     |1           |31          |
+------------+------------+------------+------------+------------+
|44500       |0.0000000391|28.0553     |1           |31          |
+------------+------------+------------+------------+------------+
|45000       |0.0000000388|28.0880     |1           |31          |
+------------+------------+------------+------------+------------+
|45500       |0.0000000400|28.1200     |1           |31          |
+------------+------------+------------+------------+------------+
|46000       |0.0000000387|28.1513     |1           |31          |
+------------+------------+------------+------------+------------+
|46500       |0.0000000389|28.1820     |1           |31          |
+------------+------------+------------+------------+------------+
|47000       |0.0000000402|28.2120     |1           |31          |
+------------+------------+------------+------------+------------+
|47500       |0.0000000389|28.2413     |1           |31          |
+------------+------------+------------+------------+------------+
|48000       |0.0000000422|28.2700     |1           |31          |
+------------+------------+------------+------------+------------+
|48500       |0.0000000391|28.2982     |1           |31          |
+------------+------------+------------+------------+------------+
|49000       |0.0000000398|28.3258     |1           |31          |
+------------+------------+------------+------------+------------+
|49500       |0.0000000408|28.3528     |1           |31          |
+------------+------------+------------+------------+------------+
|50000       |0.0000000397|28.3792     |1           |31          |
+------------+------------+------------+------------+------------+
