+------------+------------+------------+------------+------------+
|  Tamaño(N) |    Time    | OBPromedio |  OBMinimo  |  OBMaximo  |
+------------+------------+------------+------------+------------+
|1000        |0.0000001636|255.9640    |1           |993         |
+------------+------------+------------+------------+------------+
|1500        |0.0000002812|544.4340    |1           |1456        |
+------------+------------+------------+------------+------------+
|2000        |0.0000002474|461.0060    |1           |1861        |
+------------+------------+------------+------------+------------+
|2500        |0.0000005357|1052.7444   |1           |2499        |
+------------+------------+------------+------------+------------+
|3000        |0.0000006391|1291.1520   |1           |2970        |
+------------+------------+------------+------------+------------+
|3500        |0.0000008054|1642.1554   |1           |3487        |
+------------+------------+------------+------------+------------+
|4000        |0.0000004364|869.8642    |1           |3974        |
+------------+------------+------------+------------+------------+
|4500        |0.0000010186|2088.3876   |19          |4456        |
+------------+------------+------------+------------+------------+
|5000        |0.0000007805|1591.4444   |1           |4708        |
+------------+------------+------------+------------+------------+
|5500        |0.0000012641|2442.2645   |1           |5484        |
+------------+------------+------------+------------+------------+
|6000        |0.0000006137|1240.5420   |1           |5951        |
+------------+------------+------------+------------+------------+
|6500        |0.0000015807|3155.0998   |31          |6485        |
+------------+------------+------------+------------+------------+
|7000        |0.0000016156|3329.6247   |10          |6966        |
+------------+------------+------------+------------+------------+
|7500        |0.0000016090|3305.7777   |1           |7467        |
+------------+------------+------------+------------+------------+
|8000        |0.0000025565|5283.5427   |86          |7995        |
+------------+------------+------------+------------+------------+
|8500        |0.0000020537|4087.4828   |98          |8445        |
+------------+------------+------------+------------+------------+
|9000        |0.0000011241|2291.1190   |1           |8998        |
+------------+------------+------------+------------+------------+
|9500        |0.0000024952|5135.7081   |37          |9322        |
+------------+------------+------------+------------+------------+
|10000       |0.0000020567|4224.1864   |1           |9980        |
+------------+------------+------------+------------+------------+
|10500       |0.0000020632|4178.6876   |1           |10491       |
+------------+------------+------------+------------+------------+
|11000       |0.0000026131|5333.2626   |1           |10989       |
+------------+------------+------------+------------+------------+
|11500       |0.0000026355|5332.7073   |1           |11434       |
+------------+------------+------------+------------+------------+
|12000       |0.0000020104|4079.9340   |1           |11940       |
+------------+------------+------------+------------+------------+
|12500       |0.0000013276|2692.7653   |1           |12466       |
+------------+------------+------------+------------+------------+
|13000       |0.0000021332|4299.6315   |1           |12971       |
+------------+------------+------------+------------+------------+
|13500       |0.0000019840|3959.1729   |1           |13399       |
+------------+------------+------------+------------+------------+
|14000       |0.0000029721|5973.5061   |32          |13933       |
+------------+------------+------------+------------+------------+
|14500       |0.0000035233|7090.3465   |154         |14389       |
+------------+------------+------------+------------+------------+
|15000       |0.0000041666|8560.3020   |56          |14918       |
+------------+------------+------------+------------+------------+
|15500       |0.0000015889|3199.1957   |1           |15472       |
+------------+------------+------------+------------+------------+
|16000       |0.0000038531|7911.3211   |46          |15991       |
+------------+------------+------------+------------+------------+
|16500       |0.0000031991|6529.4052   |1           |16229       |
+------------+------------+------------+------------+------------+
|17000       |0.0000038394|7780.5084   |1           |16996       |
+------------+------------+------------+------------+------------+
|17500       |0.0000036306|7321.7171   |1           |17472       |
+------------+------------+------------+------------+------------+
|18000       |0.0000014979|3039.2814   |1           |17668       |
+------------+------------+------------+------------+------------+
|18500       |0.0000017856|3634.2704   |1           |18464       |
+------------+------------+------------+------------+------------+
|19000       |0.0000034879|7147.3603   |1           |18982       |
+------------+------------+------------+------------+------------+
|19500       |0.0000021512|4355.7644   |1           |19454       |
+------------+------------+------------+------------+------------+
|20000       |0.0000044324|9031.7214   |102         |19833       |
+------------+------------+------------+------------+------------+
|20500       |0.0000039032|7923.4246   |1           |20456       |
+------------+------------+------------+------------+------------+
|21000       |0.0000038249|7741.5814   |1           |20973       |
+------------+------------+------------+------------+------------+
|21500       |0.0000047134|9534.5646   |1           |21481       |
+------------+------------+------------+------------+------------+
|22000       |0.0000064026|12969.5648  |78          |21947       |
+------------+------------+------------+------------+------------+
|22500       |0.0000064279|12892.1933  |1           |22476       |
+------------+------------+------------+------------+------------+
|23000       |0.0000034617|6908.1302   |1           |22926       |
+------------+------------+------------+------------+------------+
|23500       |0.0000066673|13457.0708  |14          |23445       |
+------------+------------+------------+------------+------------+
|24000       |0.0000042712|8584.6325   |1           |23971       |
+------------+------------+------------+------------+------------+
|24500       |0.0000046434|9255.5864   |1           |24375       |
+------------+------------+------------+------------+------------+
|25000       |0.0000054553|10944.2866  |1           |24921       |
+------------+------------+------------+------------+------------+
|25500       |0.0000031767|6467.5030   |1           |25465       |
+------------+------------+------------+------------+------------+
|26000       |0.0000034715|7028.2843   |1           |25830       |
+------------+------------+------------+------------+------------+
|26500       |0.0000060482|12127.8385  |1           |26453       |
+------------+------------+------------+------------+------------+
|27000       |0.0000072029|14543.0186  |1           |26913       |
+------------+------------+------------+------------+------------+
|27500       |0.0000030832|6250.1278   |1           |27477       |
+------------+------------+------------+------------+------------+
|28000       |0.0000053629|10774.7604  |1           |27994       |
+------------+------------+------------+------------+------------+
|28500       |0.0000070995|14318.0335  |106         |28434       |
+------------+------------+------------+------------+------------+
|29000       |0.0000065829|13270.9066  |1           |28726       |
+------------+------------+------------+------------+------------+
|29500       |0.0000071066|14280.7161  |1           |29441       |
+------------+------------+------------+------------+------------+
|30000       |0.0000054041|10867.7248  |1           |29824       |
+------------+------------+------------+------------+------------+
|30500       |0.0000033741|6805.0847   |1           |30448       |
+------------+------------+------------+------------+------------+
|31000       |0.0000031769|6339.1212   |1           |30929       |
+------------+------------+------------+------------+------------+
|31500       |0.0000081018|15963.5391  |296         |31278       |
+------------+------------+------------+------------+------------+
|32000       |0.0000071752|14546.1175  |167         |31941       |
+------------+------------+------------+------------+------------+
|32500       |0.0000094863|19169.4886  |1           |32485       |
+------------+------------+------------+------------+------------+
|33000       |0.0000055609|11191.7832  |1           |32834       |
+------------+------------+------------+------------+------------+
|33500       |0.0000095544|19023.5986  |1           |33257       |
+------------+------------+------------+------------+------------+
|34000       |0.0000088822|17910.3164  |27          |33972       |
+------------+------------+------------+------------+------------+
|34500       |0.0000081035|16381.8954  |89          |34485       |
+------------+------------+------------+------------+------------+
|35000       |0.0000079133|15787.7501  |1           |34888       |
+------------+------------+------------+------------+------------+
|35500       |0.0000057882|11586.2452  |1           |35485       |
+------------+------------+------------+------------+------------+
|36000       |0.0000055324|11192.8602  |1           |35811       |
+------------+------------+------------+------------+------------+
|36500       |0.0000023296|4736.9841   |1           |36404       |
+------------+------------+------------+------------+------------+
|37000       |0.0000107473|21654.9856  |289         |36878       |
+------------+------------+------------+------------+------------+
|37500       |0.0000039567|7987.8576   |1           |37251       |
+------------+------------+------------+------------+------------+
|38000       |0.0000090162|18221.9362  |44          |37949       |
+------------+------------+------------+------------+------------+
|38500       |0.0000070396|14170.1055  |1           |38454       |
+------------+------------+------------+------------+------------+
|39000       |0.0000056212|11329.7381  |1           |38903       |
+------------+------------+------------+------------+------------+
|39500       |0.0000027840|5557.2835   |1           |39248       |
+------------+------------+------------+------------+------------+
|40000       |0.0000076397|15341.4872  |1           |39889       |
+------------+------------+------------+------------+------------+
|40500       |0.0000093217|18809.7371  |177         |40424       |
+------------+------------+------------+------------+------------+
|41000       |0.0000065714|13329.7861  |106         |40869       |
+------------+------------+------------+------------+------------+
|41500       |0.0000058455|11719.7046  |1           |41437       |
+------------+------------+------------+------------+------------+
|42000       |0.0000085829|17331.3914  |1           |41898       |
+------------+------------+------------+------------+------------+
|42500       |0.0000080355|16259.4063  |1           |42456       |
+------------+------------+------------+------------+------------+
|43000       |0.0000082445|16329.3336  |1           |42988       |
+------------+------------+------------+------------+------------+
|43500       |0.0000077466|15527.0783  |1           |43466       |
+------------+------------+------------+------------+------------+
|44000       |0.0000108047|21788.5780  |37          |43998       |
+------------+------------+------------+------------+------------+
|44500       |0.0000110157|22154.6296  |219         |44373       |
+------------+------------+------------+------------+------------+
|45000       |0.0000138092|27742.6811  |56          |44961       |
+------------+------------+------------+------------+------------+
|45500       |0.0000069235|13953.2835  |1           |45356       |
+------------+------------+------------+------------+------------+
|46000       |0.0000116583|23432.3908  |1           |45773       |
+------------+------------+------------+------------+------------+
|46500       |0.0000153506|30943.5201  |132         |46448       |
+------------+------------+------------+------------+------------+
|47000       |0.0000116573|23412.1966  |1           |46944       |
+------------+------------+------------+------------+------------+
|47500       |0.0000106168|21376.7613  |56          |47134       |
+------------+------------+------------+------------+------------+
|48000       |0.0000098643|19793.5270  |1           |47988       |
+------------+------------+------------+------------+------------+
|48500       |0.0000174326|35060.9812  |1           |48485       |
+------------+------------+------------+------------+------------+
|49000       |0.0000079930|16112.4861  |1           |48973       |
+------------+------------+------------+------------+------------+
|49500       |0.0000080904|16364.3194  |1           |49434       |
+------------+------------+------------+------------+------------+
|50000       |0.0000084267|16912.9907  |1           |49832       |
+------------+------------+------------+------------+------------+
