+------------+------------+------------+------------+------------+
|  Tamaño(N) |    Time    | OBPromedio |  OBMinimo  |  OBMaximo  |
+------------+------------+------------+------------+------------+
|1000        |0.0000004907|500.5000    |1           |1000        |
+------------+------------+------------+------------+------------+
|1500        |0.0000007448|750.5000    |1           |1500        |
+------------+------------+------------+------------+------------+
|2000        |0.0000009602|1000.5000   |1           |2000        |
+------------+------------+------------+------------+------------+
|2500        |0.0000011972|1250.5000   |1           |2500        |
+------------+------------+------------+------------+------------+
|3000        |0.0000010860|1500.5000   |1           |3000        |
+------------+------------+------------+------------+------------+
|3500        |0.0000008560|1750.5000   |1           |3500        |
+------------+------------+------------+------------+------------+
|4000        |0.0000009819|2000.5000   |1           |4000        |
+------------+------------+------------+------------+------------+
|4500        |0.0000010970|2250.5000   |1           |4500        |
+------------+------------+------------+------------+------------+
|5000        |0.0000012279|2500.5000   |1           |5000        |
+------------+------------+------------+------------+------------+
|5500        |0.0000013394|2750.5000   |1           |5500        |
+------------+------------+------------+------------+------------+
|6000        |0.0000014718|3000.5000   |1           |6000        |
+------------+------------+------------+------------+------------+
|6500        |0.0000019264|3250.5000   |1           |6500        |
+------------+------------+------------+------------+------------+
|7000        |0.0000017118|3500.5000   |1           |7000        |
+------------+------------+------------+------------+------------+
|7500        |0.0000018264|3750.5000   |1           |7500        |
+------------+------------+------------+------------+------------+
|8000        |0.0000019515|4000.5000   |1           |8000        |
+------------+------------+------------+------------+------------+
|8500        |0.0000021068|4250.5000   |1           |8500        |
+------------+------------+------------+------------+------------+
|9000        |0.0000022060|4500.5000   |1           |9000        |
+------------+------------+------------+------------+------------+
|9500        |0.0000023348|4750.5000   |1           |9500        |
+------------+------------+------------+------------+------------+
|10000       |0.0000024944|5000.5000   |1           |10000       |
+------------+------------+------------+------------+------------+
|10500       |0.0000025625|5250.5000   |1           |10500       |
+------------+------------+------------+------------+------------+
|11000       |0.0000026736|5500.5000   |1           |11000       |
+------------+------------+------------+------------+------------+
|11500       |0.0000028546|5750.5000   |1           |11500       |
+------------+------------+------------+------------+------------+
|12000       |0.0000029824|6000.5000   |1           |12000       |
+------------+------------+------------+------------+------------+
|12500       |0.0000031124|6250.5000   |1           |12500       |
+------------+------------+------------+------------+------------+
|13000       |0.0000032090|6500.5000   |1           |13000       |
+------------+------------+------------+------------+------------+
|13500       |0.0000032969|6750.5000   |1           |13500       |
+------------+------------+------------+------------+------------+
|14000       |0.0000037011|7000.5000   |1           |14000       |
+------------+------------+------------+------------+------------+
|14500       |0.0000035566|7250.5000   |1           |14500       |
+------------+------------+------------+------------+------------+
|15000       |0.0000036715|7500.5000   |1           |15000       |
+------------+------------+------------+------------+------------+
|15500       |0.0000038192|7750.5000   |1           |15500       |
+------------+------------+------------+------------+------------+
|16000       |0.0000039240|8000.5000   |1           |16000       |
+------------+------------+------------+------------+------------+
|16500       |0.0000040481|8250.5000   |1           |16500       |
+------------+------------+------------+------------+------------+
|17000       |0.0000042810|8500.5000   |1           |17000       |
+------------+------------+------------+------------+------------+
|17500       |0.0000043872|8750.5000   |1           |17500       |
+------------+------------+------------+------------+------------+
|18000       |0.0000044329|9000.5000   |1           |18000       |
+------------+------------+------------+------------+------------+
|18500       |0.0000046952|9250.5000   |1           |18500       |
+------------+------------+------------+------------+------------+
|19000       |0.0000046872|9500.5000   |1           |19000       |
+------------+------------+------------+------------+------------+
|19500       |0.0000048021|9750.5000   |1           |19500       |
+------------+------------+------------+------------+------------+
|20000       |0.0000049434|10000.5000  |1           |20000       |
+------------+------------+------------+------------+------------+
|20500       |0.0000050640|10250.5000  |1           |20500       |
+------------+------------+------------+------------+------------+
|21000       |0.0000052002|10500.5000  |1           |21000       |
+------------+------------+------------+------------+------------+
|21500       |0.0000053734|10750.5000  |1           |21500       |
+------------+------------+------------+------------+------------+
|22000       |0.0000054600|11000.5000  |1           |22000       |
+------------+------------+------------+------------+------------+
|22500       |0.0000055565|11250.5000  |1           |22500       |
+------------+------------+------------+------------+------------+
|23000       |0.0000057478|11500.5000  |1           |23000       |
+------------+------------+------------+------------+------------+
|23500       |0.0000058090|11750.5000  |1           |23500       |
+------------+------------+------------+------------+------------+
|24000       |0.0000059546|12000.5000  |1           |24000       |
+------------+------------+------------+------------+------------+
|24500       |0.0000062342|12250.5000  |1           |24500       |
+------------+------------+------------+------------+------------+
|25000       |0.0000061629|12500.5000  |1           |25000       |
+------------+------------+------------+------------+------------+
|25500       |0.0000062966|12750.5000  |1           |25500       |
+------------+------------+------------+------------+------------+
|26000       |0.0000064294|13000.5000  |1           |26000       |
+------------+------------+------------+------------+------------+
|26500       |0.0000065563|13250.5000  |1           |26500       |
+------------+------------+------------+------------+------------+
|27000       |0.0000066953|13500.5000  |1           |27000       |
+------------+------------+------------+------------+------------+
|27500       |0.0000069644|13750.5000  |1           |27500       |
+------------+------------+------------+------------+------------+
|28000       |0.0000069259|14000.5000  |1           |28000       |
+------------+------------+------------+------------+------------+
|28500       |0.0000070874|14250.5000  |1           |28500       |
+------------+------------+------------+------------+------------+
|29000       |0.0000071910|14500.5000  |1           |29000       |
+------------+------------+------------+------------+------------+
|29500       |0.0000073326|14750.5000  |1           |29500       |
+------------+------------+------------+------------+------------+
|30000       |0.0000074502|15000.5000  |1           |30000       |
+------------+------------+------------+------------+------------+
|30500       |0.0000076442|15250.5000  |1           |30500       |
+------------+------------+------------+------------+------------+
|31000       |0.0000077410|15500.5000  |1           |31000       |
+------------+------------+------------+------------+------------+
|31500       |0.0000078835|15750.5000  |1           |31500       |
+------------+------------+------------+------------+------------+
|32000       |0.0000080911|16000.5000  |1           |32000       |
+------------+------------+------------+------------+------------+
|32500       |0.0000081386|16250.5000  |1           |32500       |
+------------+------------+------------+------------+------------+
|33000       |0.0000082404|16500.5000  |1           |33000       |
+------------+------------+------------+------------+------------+
|33500       |0.0000083323|16750.5000  |1           |33500       |
+------------+------------+------------+------------+------------+
|34000       |0.0000087161|17000.5000  |1           |34000       |
+------------+------------+------------+------------+------------+
|34500       |0.0000085734|17250.5000  |1           |34500       |
+------------+------------+------------+------------+------------+
|35000       |0.0000088762|17500.5000  |1           |35000       |
+------------+------------+------------+------------+------------+
|35500       |0.0000091029|17750.5000  |1           |35500       |
+------------+------------+------------+------------+------------+
|36000       |0.0000090119|18000.5000  |1           |36000       |
+------------+------------+------------+------------+------------+
|36500       |0.0000091147|18250.5000  |1           |36500       |
+------------+------------+------------+------------+------------+
|37000       |0.0000093404|18500.5000  |1           |37000       |
+------------+------------+------------+------------+------------+
|37500       |0.0000093118|18750.5000  |1           |37500       |
+------------+------------+------------+------------+------------+
|38000       |0.0000094996|19000.5000  |1           |38000       |
+------------+------------+------------+------------+------------+
|38500       |0.0000095921|19250.5000  |1           |38500       |
+------------+------------+------------+------------+------------+
|39000       |0.0000097042|19500.5000  |1           |39000       |
+------------+------------+------------+------------+------------+
|39500       |0.0000098709|19750.5000  |1           |39500       |
+------------+------------+------------+------------+------------+
|40000       |0.0000099450|20000.5000  |1           |40000       |
+------------+------------+------------+------------+------------+
|40500       |0.0000101218|20250.5000  |1           |40500       |
+------------+------------+------------+------------+------------+
|41000       |0.0000101999|20500.5000  |1           |41000       |
+------------+------------+------------+------------+------------+
|41500       |0.0000103418|20750.5000  |1           |41500       |
+------------+------------+------------+------------+------------+
|42000       |0.0000104413|21000.5000  |1           |42000       |
+------------+------------+------------+------------+------------+
|42500       |0.0000105742|21250.5000  |1           |42500       |
+------------+------------+------------+------------+------------+
|43000       |0.0000107032|21500.5000  |1           |43000       |
+------------+------------+------------+------------+------------+
|43500       |0.0000108765|21750.5000  |1           |43500       |
+------------+------------+------------+------------+------------+
|44000       |0.0000110625|22000.5000  |1           |44000       |
+------------+------------+------------+------------+------------+
|44500       |0.0000111152|22250.5000  |1           |44500       |
+------------+------------+------------+------------+------------+
|45000       |0.0000111917|22500.5000  |1           |45000       |
+------------+------------+------------+------------+------------+
|45500       |0.0000113433|22750.5000  |1           |45500       |
+------------+------------+------------+------------+------------+
|46000       |0.0000115270|23000.5000  |1           |46000       |
+------------+------------+------------+------------+------------+
|46500       |0.0000115556|23250.5000  |1           |46500       |
+------------+------------+------------+------------+------------+
|47000       |0.0000117514|23500.5000  |1           |47000       |
+------------+------------+------------+------------+------------+
|47500       |0.0000118248|23750.5000  |1           |47500       |
+------------+------------+------------+------------+------------+
|48000       |0.0000120200|24000.5000  |1           |48000       |
+------------+------------+------------+------------+------------+
|48500       |0.0000119188|24250.5000  |1           |48500       |
+------------+------------+------------+------------+------------+
|49000       |0.0000119996|24500.5000  |1           |49000       |
+------------+------------+------------+------------+------------+
|49500       |0.0000121154|24750.5000  |1           |49500       |
+------------+------------+------------+------------+------------+
|50000       |0.0000122629|25000.5000  |1           |50000       |
+------------+------------+------------+------------+------------+
